<?xml version="1.0" encoding="UTF-8"?>
<!-- Generated by org.testng.reporters.JUnitXMLReporter -->
<testsuite ignored="0" hostname="DESKTOP-1A5I486" failures="1" tests="13" name="Test" time="150.82" errors="0" timestamp="01 Dec 2023 15:07:42 GMT">
  <testcase classname="com.selenium.testcases.SearchTest" name="searchWithValidProduct" time="2.799"/>
  <testcase classname="com.selenium.testcases.LoginTest" name="loginWithValidUserNamePassword" time="1.631"/>
  <testcase classname="com.selenium.testcases.LoginTest" name="loginWithValidUserNamePassword" time="1.523"/>
  <testcase classname="com.selenium.testcases.LoginTest" name="loginWithValidUserNamePassword" time="1.597"/>
  <testcase classname="com.selenium.testcases.RegisterTest" name="registerWithoutSubscription" time="2.688"/>
  <testcase classname="com.selenium.testcases.SearchTest" name="searchWithInvalidProduct" time="1.173">
    <failure type="java.lang.AssertionError" message="Prduct is found expected [true] but found [false]">
      <![CDATA[java.lang.AssertionError: Prduct is found expected [true] but found [false]
	at com.selenium.pages.SearchPage.verifySearchFailedWarning(SearchPage.java:35)
	at com.selenium.testcases.SearchTest.searchWithInvalidProduct(SearchTest.java:35)
... Removed 28 stack frames]]>
    </failure>
  </testcase> <!-- searchWithInvalidProduct -->
  <testcase classname="com.selenium.testcases.LoginTest" name="loginWithValidUsernameAndInvalidPassword" time="1.478"/>
  <testcase classname="com.selenium.testcases.RegisterTest" name="registerWithSubscription" time="2.86"/>
  <testcase classname="com.selenium.testcases.SearchTest" name="searchWithoutProduct" time="0.0">
    <skipped/>
  </testcase> <!-- searchWithoutProduct -->
  <testcase classname="com.selenium.testcases.LoginTest" name="loginWithInvalidUsernameAndValidPassword" time="1.529"/>
  <testcase classname="com.selenium.testcases.LoginTest" name="loginWithNoCredentials" time="0.775"/>
  <testcase classname="com.selenium.testcases.RegisterTest" name="registrationWithoutPrivacyPolicyCheck" time="3.309"/>
  <testcase classname="com.selenium.testcases.RegisterTest" name="registerWithEmptyFields" time="1.144"/>
</testsuite> <!-- Test -->
